cbm_hbi_hbi                                       22-Dec-2021 16:50:10
Running hierarchical bayesian inference (HBI)...

HBI has been initialized according to
	model_fits/aggregated/children_smB_rlP.mat [for model 1]
	model_fits/aggregated/children_smB_rlP_nL.mat [for model 2]
	model_fits/aggregated/children_smB_rlP_uL_fG.mat [for model 3]
 
Number of samples: 30
Number of models: 3
======================================================================
Iteration 01
Iteration 02
	model frequencies (percent)
	model 1: 28.9| model 2: 37.2| model 3: 33.9| 
                                                           dL:   10.26
                                                           dm:   62.80
                                                           dx:    0.34
Iteration 03
	model frequencies (percent)
	model 1: 23.3| model 2: 40.9| model 3: 35.8| 
                                                           dL:    2.76
                                                           dm:    3.69
                                                           dx:    0.17
Iteration 04
	model frequencies (percent)
	model 1: 17.8| model 2: 43.9| model 3: 38.3| 
                                                           dL:    2.09
                                                           dm:    3.03
                                                           dx:    0.12
Iteration 05
	model frequencies (percent)
	model 1: 13.1| model 2: 46.0| model 3: 40.9| 
                                                           dL:    1.55
                                                           dm:    2.07
                                                           dx:    0.09
Iteration 06
	model frequencies (percent)
	model 1: 9.2| model 2: 47.5| model 3: 43.3| 
                                                           dL:    1.39
                                                           dm:    1.51
                                                           dx:    0.08
Iteration 07
	model frequencies (percent)
	model 1: 6.0| model 2: 48.9| model 3: 45.1| 
                                                           dL:    1.34
                                                           dm:    1.38
                                                           dx:    0.09
Iteration 08
	model frequencies (percent)
	model 1: 3.5| model 2: 50.5| model 3: 46.1| 
                                                           dL:    1.42
                                                           dm:    1.57
                                                           dx:    0.10
Iteration 09
	model frequencies (percent)
	model 1: 1.4| model 2: 52.2| model 3: 46.3| 
                                                           dL:    1.73
                                                           dm:    1.79
                                                           dx:    0.08
Iteration 10
	model frequencies (percent)
	model 1: 0.3| model 2: 53.7| model 3: 46.0| 
                                                           dL:    2.24
                                                           dm:    1.51
                                                           dx:    0.09
Iteration 11
	model frequencies (percent)
	model 1: 0.0| model 2: 54.6| model 3: 45.4| 
                                                           dL:    1.52
                                                           dm:    0.88
                                                           dx:    0.15
Iteration 12
	model frequencies (percent)
	model 1: 0.0| model 2: 55.3| model 3: 44.7| 
                                                           dL:    0.22
                                                           dm:    0.64
                                                           dx:    0.39
Iteration 13
	model frequencies (percent)
	model 1: 0.0| model 2: 55.8| model 3: 44.2| 
                                                           dL:    0.12
                                                           dm:    0.56
                                                           dx:    0.08
Iteration 14
	model frequencies (percent)
	model 1: 0.0| model 2: 56.3| model 3: 43.7| 
                                                           dL:    0.07
                                                           dm:    0.46
                                                           dx:    0.02
Iteration 15
	model frequencies (percent)
	model 1: 0.0| model 2: 56.6| model 3: 43.4| 
                                                           dL:    0.03
                                                           dm:    0.36
                                                           dx:    0.01
Iteration 16
	model frequencies (percent)
	model 1: 0.0| model 2: 56.9| model 3: 43.1| 
                                                           dL:    0.02
                                                           dm:    0.26
                                                           dx:    0.01
                                                          Converged :]
