cbm_hbi_hbi                                       26-Dec-2021 12:40:12
Running hierarchical bayesian inference (HBI)- null mode...

HBI has been initialized according to
	model_fits/aggregated/adolescents_smB_rlP.mat [for model 1]
	model_fits/aggregated/adolescents_smB_rlP_nL.mat [for model 2]
	model_fits/aggregated/adolescents_smB_rlP_uL.mat [for model 3]
	model_fits/aggregated/adolescents_smB_rlP_nL_uL.mat [for model 4]
	model_fits/aggregated/adolescents_smB_rlP_uL_fG.mat [for model 5]
	model_fits/aggregated/adolescents_smB_rlP_nL_uL_fG.mat [for model 6]
 
Number of samples: 30
Number of models: 6
======================================================================
Iteration 01
Iteration 02
                                                           dL:   26.52
                                                           dx:    0.20
Iteration 03
                                                           dL:    2.81
                                                           dx:    0.08
Iteration 04
                                                           dL:    0.96
                                                           dx:    0.05
Iteration 05
                                                           dL:    1.81
                                                           dx:    0.04
Iteration 06
                                                           dL:    0.48
                                                           dx:    0.03
Iteration 07
                                                           dL:    0.39
                                                           dx:    0.02
Iteration 08
                                                           dL:    0.31
                                                           dx:    0.03
Iteration 09
                                                           dL:    0.19
                                                           dx:    0.01
Iteration 10
                                                           dL:    0.10
                                                           dx:    0.01
                                                          Converged :]
