cbm_hbi_hbi                                       22-Dec-2021 15:31:03
Running hierarchical bayesian inference (HBI)...

HBI has been initialized according to
	model_fits/aggregated/adolescents_smB_rlP.mat [for model 1]
	model_fits/aggregated/adolescents_smB_rlP_nL.mat [for model 2]
	model_fits/aggregated/adolescents_smB_rlP_uL_fG.mat [for model 3]
 
Number of samples: 30
Number of models: 3
======================================================================
Iteration 01
Iteration 02
	model frequencies (percent)
	model 1: 26.3| model 2: 33.5| model 3: 40.1| 
                                                           dL:   11.91
                                                           dm:   59.89
                                                           dx:    0.45
Iteration 03
	model frequencies (percent)
	model 1: 21.3| model 2: 31.3| model 3: 47.4| 
                                                           dL:    3.42
                                                           dm:    7.27
                                                           dx:    0.25
Iteration 04
	model frequencies (percent)
	model 1: 16.9| model 2: 28.7| model 3: 54.3| 
                                                           dL:    2.03
                                                           dm:    6.96
                                                           dx:    0.14
Iteration 05
	model frequencies (percent)
	model 1: 12.7| model 2: 26.1| model 3: 61.2| 
                                                           dL:    1.72
                                                           dm:    6.90
                                                           dx:    0.09
Iteration 06
	model frequencies (percent)
	model 1: 8.3| model 2: 23.7| model 3: 68.0| 
                                                           dL:    1.76
                                                           dm:    6.77
                                                           dx:    0.09
Iteration 07
	model frequencies (percent)
	model 1: 4.2| model 2: 21.6| model 3: 74.2| 
                                                           dL:    1.97
                                                           dm:    6.19
                                                           dx:    0.12
Iteration 08
	model frequencies (percent)
	model 1: 1.4| model 2: 19.7| model 3: 79.0| 
                                                           dL:    2.18
                                                           dm:    4.78
                                                           dx:    0.16
Iteration 09
	model frequencies (percent)
	model 1: 0.2| model 2: 18.0| model 3: 81.8| 
                                                           dL:    2.58
                                                           dm:    2.82
                                                           dx:    0.22
Iteration 10
	model frequencies (percent)
	model 1: 0.0| model 2: 16.6| model 3: 83.3| 
                                                           dL:    1.08
                                                           dm:    1.54
                                                           dx:    0.30
Iteration 11
	model frequencies (percent)
	model 1: 0.0| model 2: 15.8| model 3: 84.2| 
                                                           dL:    0.43
                                                           dm:    0.87
                                                           dx:    0.19
Iteration 12
	model frequencies (percent)
	model 1: 0.0| model 2: 15.4| model 3: 84.5| 
                                                           dL:    0.24
                                                           dm:    0.34
                                                           dx:    0.08
Iteration 13
	model frequencies (percent)
	model 1: 0.0| model 2: 15.4| model 3: 84.6| 
                                                           dL:    0.11
                                                           dm:    0.09
                                                           dx:    0.05
Iteration 14
	model frequencies (percent)
	model 1: 0.0| model 2: 15.4| model 3: 84.6| 
                                                           dL:    0.05
                                                           dm:    0.01
                                                           dx:    0.03
Iteration 15
	model frequencies (percent)
	model 1: 0.0| model 2: 15.4| model 3: 84.6| 
                                                           dL:    0.03
                                                           dm:    0.01
                                                           dx:    0.02
Iteration 16
	model frequencies (percent)
	model 1: 0.0| model 2: 15.4| model 3: 84.6| 
                                                           dL:    0.02
                                                           dm:    0.02
                                                           dx:    0.01
Iteration 17
	model frequencies (percent)
	model 1: 0.0| model 2: 15.4| model 3: 84.6| 
                                                           dL:    0.01
                                                           dm:    0.01
                                                           dx:    0.01
                                                          Converged :]
