cbm_hbi_hbi                                       23-Dec-2021 08:23:49
Running hierarchical bayesian inference (HBI)...

HBI has been initialized according to
	model_fits/aggregated/children_smB_rlP.mat [for model 1]
	model_fits/aggregated/children_smB_rlP_nL.mat [for model 2]
	model_fits/aggregated/children_smB_rlP_uL.mat [for model 3]
	model_fits/aggregated/children_smB_rlP_nL_uL.mat [for model 4]
	model_fits/aggregated/children_smB_rlP_uL_fG.mat [for model 5]
	model_fits/aggregated/children_smB_rlP_nL_uL_fG.mat [for model 6]
 
Number of samples: 30
Number of models: 6
======================================================================
Iteration 01
Iteration 02
	model frequencies (percent)
	model 1: 17.8| model 2: 21.4| model 3: 16.4| model 4: 12.3| model 5: 19.9| model 6: 12.2| 
                                                           dL:   30.59
                                                           dm:   78.63
                                                           dx:    0.32
Iteration 03
	model frequencies (percent)
	model 1: 16.9| model 2: 26.6| model 3: 15.8| model 4: 7.8| model 5: 25.1| model 6: 7.8| 
                                                           dL:    7.41
                                                           dm:    5.27
                                                           dx:    0.18
Iteration 04
	model frequencies (percent)
	model 1: 13.7| model 2: 33.0| model 3: 14.6| model 4: 3.5| model 5: 31.7| model 6: 3.5| 
                                                           dL:    8.32
                                                           dm:    6.38
                                                           dx:    0.11
Iteration 05
	model frequencies (percent)
	model 1: 9.4| model 2: 38.1| model 3: 12.9| model 4: 0.6| model 5: 38.5| model 6: 0.6| 
                                                           dL:   10.04
                                                           dm:    6.79
                                                           dx:    0.13
Iteration 06
	model frequencies (percent)
	model 1: 5.2| model 2: 41.0| model 3: 10.5| model 4: 0.0| model 5: 43.3| model 6: 0.0| 
                                                           dL:    6.79
                                                           dm:    4.77
                                                           dx:    0.27
Iteration 07
	model frequencies (percent)
	model 1: 2.1| model 2: 43.5| model 3: 8.1| model 4: 0.0| model 5: 46.3| model 6: 0.0| 
                                                           dL:    3.08
                                                           dm:    3.02
                                                           dx:    0.40
Iteration 08
	model frequencies (percent)
	model 1: 0.4| model 2: 45.8| model 3: 6.2| model 4: 0.0| model 5: 47.7| model 6: 0.0| 
                                                           dL:    3.58
                                                           dm:    1.37
                                                           dx:    0.15
Iteration 09
	model frequencies (percent)
	model 1: 0.0| model 2: 47.1| model 3: 4.9| model 4: 0.0| model 5: 47.9| model 6: 0.0| 
                                                           dL:    2.85
                                                           dm:    0.30
                                                           dx:    0.22
Iteration 10
	model frequencies (percent)
	model 1: 0.0| model 2: 48.1| model 3: 4.0| model 4: 0.0| model 5: 48.0| model 6: 0.0| 
                                                           dL:    0.97
                                                           dm:    0.94
                                                           dx:    0.32
Iteration 11
	model frequencies (percent)
	model 1: 0.0| model 2: 48.9| model 3: 3.5| model 4: 0.0| model 5: 47.6| model 6: 0.0| 
                                                           dL:    0.59
                                                           dm:    0.78
                                                           dx:    0.22
Iteration 12
	model frequencies (percent)
	model 1: 0.0| model 2: 49.5| model 3: 3.4| model 4: 0.0| model 5: 47.1| model 6: 0.0| 
                                                           dL:    0.26
                                                           dm:    0.69
                                                           dx:    0.14
Iteration 13
	model frequencies (percent)
	model 1: 0.0| model 2: 50.2| model 3: 3.4| model 4: 0.0| model 5: 46.5| model 6: 0.0| 
                                                           dL:    0.12
                                                           dm:    0.61
                                                           dx:    0.05
Iteration 14
	model frequencies (percent)
	model 1: 0.0| model 2: 50.6| model 3: 3.4| model 4: 0.0| model 5: 46.0| model 6: 0.0| 
                                                           dL:    0.06
                                                           dm:    0.50
                                                           dx:    0.01
Iteration 15
	model frequencies (percent)
	model 1: 0.0| model 2: 51.0| model 3: 3.4| model 4: 0.0| model 5: 45.6| model 6: 0.0| 
                                                           dL:    0.04
                                                           dm:    0.38
                                                           dx:    0.01
                                                          Converged :]
