cbm_hbi_hbi                                       23-Dec-2021 11:29:42
Running hierarchical bayesian inference (HBI)...

HBI has been initialized according to
	model_fits/aggregated/adolescents_smB_rlP.mat [for model 1]
	model_fits/aggregated/adolescents_smB_rlP_nL.mat [for model 2]
	model_fits/aggregated/adolescents_smB_rlP_uL.mat [for model 3]
	model_fits/aggregated/adolescents_smB_rlP_nL_uL.mat [for model 4]
	model_fits/aggregated/adolescents_smB_rlP_uL_fG.mat [for model 5]
	model_fits/aggregated/adolescents_smB_rlP_nL_uL_fG.mat [for model 6]
 
Number of samples: 30
Number of models: 6
======================================================================
Iteration 01
Iteration 02
	model frequencies (percent)
	model 1: 16.9| model 2: 20.9| model 3: 13.0| model 4: 10.8| model 5: 25.4| model 6: 13.0| 
                                                           dL:   33.07
                                                           dm:   74.57
                                                           dx:    0.37
Iteration 03
	model frequencies (percent)
	model 1: 16.9| model 2: 21.8| model 3: 8.9| model 4: 6.0| model 5: 38.4| model 6: 8.0| 
                                                           dL:    9.51
                                                           dm:   12.96
                                                           dx:    0.19
Iteration 04
	model frequencies (percent)
	model 1: 15.8| model 2: 21.3| model 3: 5.0| model 4: 2.3| model 5: 52.9| model 6: 2.7| 
                                                           dL:   10.76
                                                           dm:   14.53
                                                           dx:    0.19
Iteration 05
	model frequencies (percent)
	model 1: 12.6| model 2: 19.9| model 3: 3.0| model 4: 0.4| model 5: 63.8| model 6: 0.3| 
                                                           dL:    9.55
                                                           dm:   10.82
                                                           dx:    0.34
Iteration 06
	model frequencies (percent)
	model 1: 8.4| model 2: 18.0| model 3: 2.4| model 4: 0.0| model 5: 71.1| model 6: 0.0| 
                                                           dL:    3.96
                                                           dm:    7.33
                                                           dx:    0.41
Iteration 07
	model frequencies (percent)
	model 1: 4.4| model 2: 16.2| model 3: 2.1| model 4: 0.0| model 5: 77.2| model 6: 0.0| 
                                                           dL:    2.24
                                                           dm:    6.12
                                                           dx:    0.18
Iteration 08
	model frequencies (percent)
	model 1: 1.5| model 2: 14.7| model 3: 1.9| model 4: 0.0| model 5: 81.9| model 6: 0.0| 
                                                           dL:    2.37
                                                           dm:    4.72
                                                           dx:    0.12
Iteration 09
	model frequencies (percent)
	model 1: 0.3| model 2: 13.6| model 3: 1.5| model 4: 0.0| model 5: 84.6| model 6: 0.0| 
                                                           dL:    2.81
                                                           dm:    2.69
                                                           dx:    0.16
Iteration 10
	model frequencies (percent)
	model 1: 0.1| model 2: 13.1| model 3: 1.1| model 4: 0.0| model 5: 85.7| model 6: 0.0| 
                                                           dL:    1.47
                                                           dm:    1.12
                                                           dx:    0.21
Iteration 11
	model frequencies (percent)
	model 1: 0.0| model 2: 13.4| model 3: 0.6| model 4: 0.0| model 5: 86.0| model 6: 0.0| 
                                                           dL:    0.65
                                                           dm:    0.29
                                                           dx:    0.16
Iteration 12
	model frequencies (percent)
	model 1: 0.0| model 2: 13.9| model 3: 0.2| model 4: 0.0| model 5: 85.9| model 6: 0.0| 
                                                           dL:    0.36
                                                           dm:    0.14
                                                           dx:    0.14
Iteration 13
	model frequencies (percent)
	model 1: 0.0| model 2: 14.3| model 3: 0.1| model 4: 0.0| model 5: 85.6| model 6: 0.0| 
                                                           dL:    0.11
                                                           dm:    0.27
                                                           dx:    0.12
Iteration 14
	model frequencies (percent)
	model 1: 0.0| model 2: 14.5| model 3: 0.0| model 4: 0.0| model 5: 85.4| model 6: 0.0| 
                                                           dL:    0.07
                                                           dm:    0.24
                                                           dx:    0.04
Iteration 15
	model frequencies (percent)
	model 1: 0.0| model 2: 14.7| model 3: 0.0| model 4: 0.0| model 5: 85.2| model 6: 0.0| 
                                                           dL:    0.05
                                                           dm:    0.18
                                                           dx:    0.01
Iteration 16
	model frequencies (percent)
	model 1: 0.0| model 2: 14.9| model 3: 0.0| model 4: 0.0| model 5: 85.1| model 6: 0.0| 
                                                           dL:    0.04
                                                           dm:    0.13
                                                           dx:    0.01
                                                          Converged :]
