cbm_hbi_hbi                                       27-Dec-2021 07:12:19
Running hierarchical bayesian inference (HBI)- null mode...

HBI has been initialized according to
	model_fits/aggregated/post_college_smB_rlP.mat [for model 1]
	model_fits/aggregated/post_college_smB_rlP_nL.mat [for model 2]
	model_fits/aggregated/post_college_smB_rlP_uL.mat [for model 3]
	model_fits/aggregated/post_college_smB_rlP_nL_uL.mat [for model 4]
	model_fits/aggregated/post_college_smB_rlP_uL_fG.mat [for model 5]
	model_fits/aggregated/post_college_smB_rlP_nL_uL_fG.mat [for model 6]
 
Number of samples: 27
Number of models: 6
======================================================================
Iteration 01
Iteration 02
                                                           dL:   26.35
                                                           dx:    0.31
Iteration 03
                                                           dL:    1.46
                                                           dx:    0.11
Iteration 04
                                                           dL:   -0.07
                                                           dx:    0.06
Iteration 05
                                                           dL:    1.03
                                                           dx:    0.04
Iteration 06
                                                           dL:    0.13
                                                           dx:    0.02
Iteration 07
                                                           dL:    0.11
                                                           dx:    0.01
Iteration 08
                                                           dL:    0.09
                                                           dx:    0.01
Iteration 09
                                                           dL:    0.06
                                                           dx:    0.01
                                                          Converged :]
