cbm_hbi_hbi                                       22-Dec-2021 17:23:09
Running hierarchical bayesian inference (HBI)...

HBI has been initialized according to
	model_fits/aggregated/adults_smB_rlP.mat [for model 1]
	model_fits/aggregated/adults_smB_rlP_nL.mat [for model 2]
	model_fits/aggregated/adults_smB_rlP_uL_fG.mat [for model 3]
 
Number of samples: 62
Number of models: 3
======================================================================
Iteration 01
Iteration 02
	model frequencies (percent)
	model 1: 25.5| model 2: 27.2| model 3: 47.3| 
                                                           dL:   29.21
                                                           dm:   52.71
                                                           dx:    0.46
Iteration 03
	model frequencies (percent)
	model 1: 18.1| model 2: 22.4| model 3: 59.5| 
                                                           dL:   11.09
                                                           dm:   12.21
                                                           dx:    0.27
Iteration 04
	model frequencies (percent)
	model 1: 12.6| model 2: 18.7| model 3: 68.8| 
                                                           dL:    5.89
                                                           dm:    9.25
                                                           dx:    0.21
Iteration 05
	model frequencies (percent)
	model 1: 8.6| model 2: 15.7| model 3: 75.7| 
                                                           dL:    3.60
                                                           dm:    6.94
                                                           dx:    0.15
Iteration 06
	model frequencies (percent)
	model 1: 5.4| model 2: 13.3| model 3: 81.3| 
                                                           dL:    2.80
                                                           dm:    5.58
                                                           dx:    0.12
Iteration 07
	model frequencies (percent)
	model 1: 2.9| model 2: 11.2| model 3: 85.9| 
                                                           dL:    2.58
                                                           dm:    4.62
                                                           dx:    0.11
Iteration 08
	model frequencies (percent)
	model 1: 1.2| model 2: 9.2| model 3: 89.6| 
                                                           dL:    2.50
                                                           dm:    3.71
                                                           dx:    0.11
Iteration 09
	model frequencies (percent)
	model 1: 0.3| model 2: 7.3| model 3: 92.4| 
                                                           dL:    2.48
                                                           dm:    2.77
                                                           dx:    0.08
Iteration 10
	model frequencies (percent)
	model 1: 0.0| model 2: 5.6| model 3: 94.4| 
                                                           dL:    1.88
                                                           dm:    2.04
                                                           dx:    0.07
Iteration 11
	model frequencies (percent)
	model 1: 0.0| model 2: 3.9| model 3: 96.1| 
                                                           dL:    0.89
                                                           dm:    1.65
                                                           dx:    0.36
Iteration 12
	model frequencies (percent)
	model 1: 0.0| model 2: 2.5| model 3: 97.5| 
                                                           dL:    1.00
                                                           dm:    1.43
                                                           dx:    0.10
Iteration 13
	model frequencies (percent)
	model 1: 0.0| model 2: 1.3| model 3: 98.7| 
                                                           dL:    1.29
                                                           dm:    1.21
                                                           dx:    0.06
Iteration 14
	model frequencies (percent)
	model 1: 0.0| model 2: 0.4| model 3: 99.6| 
                                                           dL:    1.69
                                                           dm:    0.90
                                                           dx:    0.08
Iteration 15
	model frequencies (percent)
	model 1: 0.0| model 2: 0.0| model 3: 100.0| 
                                                           dL:    1.54
                                                           dm:    0.37
                                                           dx:    0.43
Iteration 16
	model frequencies (percent)
	model 1: 0.0| model 2: 0.0| model 3: 100.0| 
                                                           dL:   -0.04
                                                           dm:    0.03
                                                           dx:    0.37
Iteration 17
	model frequencies (percent)
	model 1: 0.0| model 2: 0.0| model 3: 100.0| 
                                                           dL:   -0.08
                                                           dm:    0.00
                                                           dx:    0.10
Iteration 18
	model frequencies (percent)
	model 1: 0.0| model 2: 0.0| model 3: 100.0| 
                                                           dL:   -0.05
                                                           dm:    0.00
                                                           dx:    0.00
                                                          Converged :]
