cbm_hbi_hbi                                       23-Dec-2021 16:57:36
Running hierarchical bayesian inference (HBI)...

HBI has been initialized according to
	model_fits/aggregated/young_adults_smB_rlP.mat [for model 1]
	model_fits/aggregated/young_adults_smB_rlP_nL.mat [for model 2]
	model_fits/aggregated/young_adults_smB_rlP_uL.mat [for model 3]
	model_fits/aggregated/young_adults_smB_rlP_nL_uL.mat [for model 4]
	model_fits/aggregated/young_adults_smB_rlP_uL_fG.mat [for model 5]
	model_fits/aggregated/young_adults_smB_rlP_nL_uL_fG.mat [for model 6]
 
Number of samples: 35
Number of models: 6
======================================================================
Iteration 01
Iteration 02
	model frequencies (percent)
	model 1: 15.2| model 2: 13.2| model 3: 21.8| model 4: 12.5| model 5: 22.8| model 6: 14.5| 
                                                           dL:   35.62
                                                           dm:   77.15
                                                           dx:    0.40
Iteration 03
	model frequencies (percent)
	model 1: 12.8| model 2: 10.6| model 3: 28.9| model 4: 8.3| model 5: 29.2| model 6: 10.2| 
                                                           dL:    8.39
                                                           dm:    6.38
                                                           dx:    0.21
Iteration 04
	model frequencies (percent)
	model 1: 10.1| model 2: 8.2| model 3: 34.7| model 4: 3.9| model 5: 37.9| model 6: 5.3| 
                                                           dL:    8.95
                                                           dm:    8.64
                                                           dx:    0.14
Iteration 05
	model frequencies (percent)
	model 1: 7.2| model 2: 5.2| model 3: 37.8| model 4: 0.8| model 5: 47.8| model 6: 1.2| 
                                                           dL:   10.83
                                                           dm:    9.97
                                                           dx:    0.13
Iteration 06
	model frequencies (percent)
	model 1: 4.1| model 2: 2.1| model 3: 37.5| model 4: 0.0| model 5: 56.2| model 6: 0.0| 
                                                           dL:    9.29
                                                           dm:    8.40
                                                           dx:    0.16
Iteration 07
	model frequencies (percent)
	model 1: 1.5| model 2: 0.3| model 3: 35.9| model 4: 0.0| model 5: 62.3| model 6: 0.0| 
                                                           dL:    5.27
                                                           dm:    6.02
                                                           dx:    0.43
Iteration 08
	model frequencies (percent)
	model 1: 0.3| model 2: 0.0| model 3: 34.3| model 4: 0.0| model 5: 65.4| model 6: 0.0| 
                                                           dL:    3.75
                                                           dm:    3.18
                                                           dx:    0.22
Iteration 09
	model frequencies (percent)
	model 1: 0.0| model 2: 0.0| model 3: 33.0| model 4: 0.0| model 5: 67.0| model 6: 0.0| 
                                                           dL:    1.08
                                                           dm:    1.55
                                                           dx:    0.25
Iteration 10
	model frequencies (percent)
	model 1: 0.0| model 2: 0.0| model 3: 32.0| model 4: 0.0| model 5: 67.9| model 6: 0.0| 
                                                           dL:    0.12
                                                           dm:    0.96
                                                           dx:    0.18
Iteration 11
	model frequencies (percent)
	model 1: 0.0| model 2: 0.0| model 3: 31.3| model 4: 0.0| model 5: 68.6| model 6: 0.0| 
                                                           dL:    0.07
                                                           dm:    0.70
                                                           dx:    0.02
Iteration 12
	model frequencies (percent)
	model 1: 0.0| model 2: 0.0| model 3: 30.8| model 4: 0.0| model 5: 69.2| model 6: 0.0| 
                                                           dL:    0.04
                                                           dm:    0.53
                                                           dx:    0.01
                                                          Converged :]
