cbm_hbi_hbi                                       03-Jan-2022 12:54:10
Running hierarchical bayesian inference (HBI)...

HBI has been initialized according to
	model_fits/aggregated/adults_smB_rlP.mat [for model 1]
	model_fits/aggregated/adults_smB_rlP_nL.mat [for model 2]
	model_fits/aggregated/adults_smB_rlP_uL.mat [for model 3]
	model_fits/aggregated/adults_smB_rlP_nL_uL.mat [for model 4]
	model_fits/aggregated/adults_smB_rlP_uL_fG.mat [for model 5]
	model_fits/aggregated/adults_smB_rlP_nL_uL_fG.mat [for model 6]
 
Number of samples: 62
Number of models: 6
======================================================================
Iteration 01
Iteration 02
	model frequencies (percent)
	model 1: 14.8| model 2: 17.5| model 3: 17.2| model 4: 13.0| model 5: 23.7| model 6: 13.8| 
                                                           dL:   45.52
                                                           dm:   76.25
                                                           dx:    0.38
Iteration 03
	model frequencies (percent)
	model 1: 11.8| model 2: 17.5| model 3: 18.4| model 4: 9.4| model 5: 30.9| model 6: 11.9| 
                                                           dL:    9.46
                                                           dm:    7.18
                                                           dx:    0.20
Iteration 04
	model frequencies (percent)
	model 1: 9.1| model 2: 17.7| model 3: 19.2| model 4: 5.8| model 5: 39.1| model 6: 9.1| 
                                                           dL:    7.67
                                                           dm:    8.21
                                                           dx:    0.15
Iteration 05
	model frequencies (percent)
	model 1: 6.5| model 2: 17.8| model 3: 19.2| model 4: 2.5| model 5: 48.2| model 6: 5.7| 
                                                           dL:    8.92
                                                           dm:    9.01
                                                           dx:    0.10
Iteration 06
	model frequencies (percent)
	model 1: 4.1| model 2: 17.6| model 3: 18.6| model 4: 0.5| model 5: 56.9| model 6: 2.3| 
                                                           dL:   10.61
                                                           dm:    8.75
                                                           dx:    0.10
Iteration 07
	model frequencies (percent)
	model 1: 2.0| model 2: 16.7| model 3: 17.3| model 4: 0.0| model 5: 63.7| model 6: 0.3| 
                                                           dL:    9.35
                                                           dm:    6.78
                                                           dx:    0.17
Iteration 08
	model frequencies (percent)
	model 1: 0.6| model 2: 15.2| model 3: 15.9| model 4: 0.0| model 5: 68.2| model 6: 0.0| 
                                                           dL:    4.63
                                                           dm:    4.55
                                                           dx:    0.32
Iteration 09
	model frequencies (percent)
	model 1: 0.1| model 2: 13.5| model 3: 14.8| model 4: 0.0| model 5: 71.6| model 6: 0.0| 
                                                           dL:    2.47
                                                           dm:    3.37
                                                           dx:    0.23
Iteration 10
	model frequencies (percent)
	model 1: 0.0| model 2: 11.6| model 3: 14.0| model 4: 0.0| model 5: 74.4| model 6: 0.0| 
                                                           dL:    0.95
                                                           dm:    2.78
                                                           dx:    0.11
Iteration 11
	model frequencies (percent)
	model 1: 0.0| model 2: 9.8| model 3: 13.3| model 4: 0.0| model 5: 76.9| model 6: 0.0| 
                                                           dL:    0.45
                                                           dm:    2.51
                                                           dx:    0.16
Iteration 12
	model frequencies (percent)
	model 1: 0.0| model 2: 7.9| model 3: 12.8| model 4: 0.0| model 5: 79.3| model 6: 0.0| 
                                                           dL:    0.56
                                                           dm:    2.40
                                                           dx:    0.03
Iteration 13
	model frequencies (percent)
	model 1: 0.0| model 2: 5.9| model 3: 12.5| model 4: 0.0| model 5: 81.6| model 6: 0.0| 
                                                           dL:    0.67
                                                           dm:    2.29
                                                           dx:    0.03
Iteration 14
	model frequencies (percent)
	model 1: 0.0| model 2: 4.1| model 3: 12.2| model 4: 0.0| model 5: 83.7| model 6: 0.0| 
                                                           dL:    0.88
                                                           dm:    2.14
                                                           dx:    0.03
Iteration 15
	model frequencies (percent)
	model 1: 0.0| model 2: 2.4| model 3: 12.0| model 4: 0.0| model 5: 85.6| model 6: 0.0| 
                                                           dL:    1.22
                                                           dm:    1.92
                                                           dx:    0.04
Iteration 16
	model frequencies (percent)
	model 1: 0.0| model 2: 1.0| model 3: 11.8| model 4: 0.0| model 5: 87.2| model 6: 0.0| 
                                                           dL:    1.71
                                                           dm:    1.55
                                                           dx:    0.05
Iteration 17
	model frequencies (percent)
	model 1: 0.0| model 2: 0.2| model 3: 11.7| model 4: 0.0| model 5: 88.1| model 6: 0.0| 
                                                           dL:    2.22
                                                           dm:    0.93
                                                           dx:    0.09
Iteration 18
	model frequencies (percent)
	model 1: 0.0| model 2: 0.0| model 3: 11.6| model 4: 0.0| model 5: 88.4| model 6: 0.0| 
                                                           dL:    0.84
                                                           dm:    0.25
                                                           dx:    0.25
Iteration 19
	model frequencies (percent)
	model 1: 0.0| model 2: 0.0| model 3: 11.6| model 4: 0.0| model 5: 88.4| model 6: 0.0| 
                                                           dL:   -0.09
                                                           dm:    0.05
                                                           dx:    0.24
Iteration 20
	model frequencies (percent)
	model 1: 0.0| model 2: 0.0| model 3: 11.5| model 4: 0.0| model 5: 88.5| model 6: 0.0| 
                                                           dL:   -0.06
                                                           dm:    0.03
                                                           dx:    0.01
Iteration 21
	model frequencies (percent)
	model 1: 0.0| model 2: 0.0| model 3: 11.5| model 4: 0.0| model 5: 88.5| model 6: 0.0| 
                                                           dL:   -0.03
                                                           dm:    0.02
                                                           dx:    0.00
                                                          Converged :]
