cbm_hbi_hbi                                       24-Dec-2021 07:05:38
Running hierarchical bayesian inference (HBI)...

HBI has been initialized according to
	model_fits/aggregated/post_college_smB_rlP.mat [for model 1]
	model_fits/aggregated/post_college_smB_rlP_nL.mat [for model 2]
	model_fits/aggregated/post_college_smB_rlP_uL.mat [for model 3]
	model_fits/aggregated/post_college_smB_rlP_nL_uL.mat [for model 4]
	model_fits/aggregated/post_college_smB_rlP_uL_fG.mat [for model 5]
	model_fits/aggregated/post_college_smB_rlP_nL_uL_fG.mat [for model 6]
 
Number of samples: 27
Number of models: 6
======================================================================
Iteration 01
Iteration 02
	model frequencies (percent)
	model 1: 13.4| model 2: 20.5| model 3: 11.9| model 4: 15.2| model 5: 22.8| model 6: 16.3| 
                                                           dL:   29.85
                                                           dm:   77.23
                                                           dx:    0.43
Iteration 03
	model frequencies (percent)
	model 1: 10.6| model 2: 24.3| model 3: 7.3| model 4: 11.3| model 5: 33.8| model 6: 12.6| 
                                                           dL:    7.60
                                                           dm:   11.06
                                                           dx:    0.21
Iteration 04
	model frequencies (percent)
	model 1: 7.5| model 2: 28.7| model 3: 3.0| model 4: 6.3| model 5: 46.7| model 6: 7.8| 
                                                           dL:    8.58
                                                           dm:   12.86
                                                           dx:    0.16
Iteration 05
	model frequencies (percent)
	model 1: 4.3| model 2: 33.0| model 3: 0.4| model 4: 1.7| model 5: 57.8| model 6: 2.8| 
                                                           dL:   11.05
                                                           dm:   11.10
                                                           dx:    0.15
Iteration 06
	model frequencies (percent)
	model 1: 1.5| model 2: 34.6| model 3: 0.0| model 4: 0.1| model 5: 63.6| model 6: 0.2| 
                                                           dL:   10.13
                                                           dm:    5.78
                                                           dx:    0.19
Iteration 07
	model frequencies (percent)
	model 1: 0.3| model 2: 33.8| model 3: 0.0| model 4: 0.0| model 5: 65.9| model 6: 0.0| 
                                                           dL:    2.78
                                                           dm:    2.30
                                                           dx:    0.40
Iteration 08
	model frequencies (percent)
	model 1: 0.0| model 2: 32.6| model 3: 0.0| model 4: 0.0| model 5: 67.3| model 6: 0.0| 
                                                           dL:    0.60
                                                           dm:    1.47
                                                           dx:    0.23
Iteration 09
	model frequencies (percent)
	model 1: 0.0| model 2: 31.4| model 3: 0.0| model 4: 0.0| model 5: 68.6| model 6: 0.0| 
                                                           dL:    0.06
                                                           dm:    1.27
                                                           dx:    0.21
Iteration 10
	model frequencies (percent)
	model 1: 0.0| model 2: 30.2| model 3: 0.0| model 4: 0.0| model 5: 69.8| model 6: 0.0| 
                                                           dL:    0.06
                                                           dm:    1.22
                                                           dx:    0.02
Iteration 11
	model frequencies (percent)
	model 1: 0.0| model 2: 29.0| model 3: 0.0| model 4: 0.0| model 5: 71.0| model 6: 0.0| 
                                                           dL:    0.06
                                                           dm:    1.22
                                                           dx:    0.01
Iteration 12
	model frequencies (percent)
	model 1: 0.0| model 2: 27.7| model 3: 0.0| model 4: 0.0| model 5: 72.3| model 6: 0.0| 
                                                           dL:    0.07
                                                           dm:    1.23
                                                           dx:    0.01
Iteration 13
	model frequencies (percent)
	model 1: 0.0| model 2: 26.5| model 3: 0.0| model 4: 0.0| model 5: 73.5| model 6: 0.0| 
                                                           dL:    0.07
                                                           dm:    1.24
                                                           dx:    0.01
                                                          Converged :]
